{"/Users/kempb/Projects/ps-svelte-template/src/lib/dataConfig.ts": {"path":"/Users/kempb/Projects/ps-svelte-template/src/lib/dataConfig.ts","all":false,"statementMap":{"2":{"start":{"line":3,"column":0},"end":{"line":3,"column":40}},"3":{"start":{"line":4,"column":0},"end":{"line":4,"column":45}},"16":{"start":{"line":17,"column":0},"end":{"line":17,"column":41}},"17":{"start":{"line":18,"column":0},"end":{"line":18,"column":51}},"18":{"start":{"line":19,"column":0},"end":{"line":19,"column":1}},"21":{"start":{"line":22,"column":0},"end":{"line":22,"column":40}},"23":{"start":{"line":24,"column":0},"end":{"line":24,"column":54}},"25":{"start":{"line":26,"column":0},"end":{"line":26,"column":47}},"26":{"start":{"line":27,"column":0},"end":{"line":27,"column":53}},"27":{"start":{"line":28,"column":0},"end":{"line":28,"column":53}},"29":{"start":{"line":30,"column":0},"end":{"line":30,"column":19}},"30":{"start":{"line":31,"column":0},"end":{"line":31,"column":1}},"33":{"start":{"line":34,"column":0},"end":{"line":34,"column":43}},"35":{"start":{"line":36,"column":0},"end":{"line":36,"column":66}},"37":{"start":{"line":38,"column":0},"end":{"line":38,"column":22}},"38":{"start":{"line":39,"column":0},"end":{"line":39,"column":34}},"39":{"start":{"line":40,"column":0},"end":{"line":40,"column":39}},"42":{"start":{"line":43,"column":0},"end":{"line":43,"column":12}},"43":{"start":{"line":44,"column":0},"end":{"line":44,"column":59}},"44":{"start":{"line":45,"column":0},"end":{"line":45,"column":32}},"45":{"start":{"line":46,"column":0},"end":{"line":46,"column":12}},"46":{"start":{"line":47,"column":0},"end":{"line":47,"column":6}},"47":{"start":{"line":48,"column":0},"end":{"line":48,"column":3}},"50":{"start":{"line":51,"column":0},"end":{"line":51,"column":10}},"51":{"start":{"line":52,"column":0},"end":{"line":52,"column":85}},"52":{"start":{"line":53,"column":0},"end":{"line":53,"column":31}},"53":{"start":{"line":54,"column":0},"end":{"line":54,"column":26}},"54":{"start":{"line":55,"column":0},"end":{"line":55,"column":4}},"55":{"start":{"line":56,"column":0},"end":{"line":56,"column":1}},"58":{"start":{"line":59,"column":0},"end":{"line":59,"column":61}},"61":{"start":{"line":62,"column":0},"end":{"line":62,"column":52}},"62":{"start":{"line":63,"column":0},"end":{"line":63,"column":36}},"63":{"start":{"line":64,"column":0},"end":{"line":64,"column":64}},"64":{"start":{"line":65,"column":0},"end":{"line":65,"column":16}},"65":{"start":{"line":66,"column":0},"end":{"line":66,"column":16}},"66":{"start":{"line":67,"column":0},"end":{"line":67,"column":45}},"67":{"start":{"line":68,"column":0},"end":{"line":68,"column":3}},"69":{"start":{"line":70,"column":0},"end":{"line":70,"column":7}},"70":{"start":{"line":71,"column":0},"end":{"line":71,"column":90}},"71":{"start":{"line":72,"column":0},"end":{"line":72,"column":56}},"73":{"start":{"line":74,"column":0},"end":{"line":74,"column":23}},"74":{"start":{"line":75,"column":0},"end":{"line":75,"column":74}},"75":{"start":{"line":76,"column":0},"end":{"line":76,"column":37}},"76":{"start":{"line":77,"column":0},"end":{"line":77,"column":34}},"77":{"start":{"line":78,"column":0},"end":{"line":78,"column":45}},"79":{"start":{"line":80,"column":0},"end":{"line":80,"column":64}},"80":{"start":{"line":81,"column":0},"end":{"line":81,"column":5}},"82":{"start":{"line":83,"column":0},"end":{"line":83,"column":39}},"83":{"start":{"line":84,"column":0},"end":{"line":84,"column":42}},"86":{"start":{"line":87,"column":0},"end":{"line":87,"column":30}},"87":{"start":{"line":88,"column":0},"end":{"line":88,"column":48}},"89":{"start":{"line":90,"column":0},"end":{"line":90,"column":44}},"92":{"start":{"line":93,"column":0},"end":{"line":93,"column":59}},"94":{"start":{"line":95,"column":0},"end":{"line":95,"column":21}},"95":{"start":{"line":96,"column":0},"end":{"line":96,"column":9}},"97":{"start":{"line":98,"column":0},"end":{"line":98,"column":80}},"98":{"start":{"line":99,"column":0},"end":{"line":99,"column":31}},"99":{"start":{"line":100,"column":0},"end":{"line":100,"column":5}},"101":{"start":{"line":102,"column":0},"end":{"line":102,"column":21}},"102":{"start":{"line":103,"column":0},"end":{"line":103,"column":19}},"103":{"start":{"line":104,"column":0},"end":{"line":104,"column":61}},"106":{"start":{"line":107,"column":0},"end":{"line":107,"column":19}},"107":{"start":{"line":108,"column":0},"end":{"line":108,"column":3}},"108":{"start":{"line":109,"column":0},"end":{"line":109,"column":1}},"111":{"start":{"line":112,"column":0},"end":{"line":112,"column":43}},"114":{"start":{"line":115,"column":0},"end":{"line":115,"column":43}},"115":{"start":{"line":116,"column":0},"end":{"line":116,"column":7}},"116":{"start":{"line":117,"column":0},"end":{"line":117,"column":44}},"117":{"start":{"line":118,"column":0},"end":{"line":118,"column":43}},"118":{"start":{"line":119,"column":0},"end":{"line":119,"column":22}},"119":{"start":{"line":120,"column":0},"end":{"line":120,"column":16}},"120":{"start":{"line":121,"column":0},"end":{"line":121,"column":17}},"121":{"start":{"line":122,"column":0},"end":{"line":122,"column":55}},"122":{"start":{"line":123,"column":0},"end":{"line":123,"column":20}},"123":{"start":{"line":124,"column":0},"end":{"line":124,"column":14}},"124":{"start":{"line":125,"column":0},"end":{"line":125,"column":3}},"125":{"start":{"line":126,"column":0},"end":{"line":126,"column":1}},"128":{"start":{"line":129,"column":0},"end":{"line":129,"column":68}},"129":{"start":{"line":130,"column":0},"end":{"line":130,"column":27}},"132":{"start":{"line":133,"column":0},"end":{"line":133,"column":32}},"133":{"start":{"line":134,"column":0},"end":{"line":134,"column":44}},"135":{"start":{"line":136,"column":0},"end":{"line":136,"column":78}},"136":{"start":{"line":137,"column":0},"end":{"line":137,"column":3}},"137":{"start":{"line":138,"column":0},"end":{"line":138,"column":1}},"140":{"start":{"line":141,"column":0},"end":{"line":141,"column":46}},"141":{"start":{"line":142,"column":0},"end":{"line":142,"column":31}},"142":{"start":{"line":143,"column":0},"end":{"line":143,"column":14}},"143":{"start":{"line":144,"column":0},"end":{"line":144,"column":10}},"144":{"start":{"line":145,"column":0},"end":{"line":145,"column":6}},"147":{"start":{"line":148,"column":0},"end":{"line":148,"column":22}},"148":{"start":{"line":149,"column":0},"end":{"line":149,"column":1}}},"s":{"2":1,"3":1,"16":1,"17":4,"18":4,"21":1,"23":9,"25":9,"26":9,"27":9,"29":3,"30":3,"33":1,"35":5,"37":5,"38":3,"39":3,"42":3,"43":3,"44":3,"45":3,"46":3,"47":3,"50":2,"51":2,"52":2,"53":2,"54":2,"55":2,"58":1,"61":8,"62":8,"63":8,"64":8,"65":8,"66":0,"67":0,"69":8,"70":8,"71":8,"73":8,"74":1,"75":1,"76":1,"77":1,"79":1,"80":1,"82":5,"83":5,"86":5,"87":5,"89":8,"92":8,"94":2,"95":5,"97":5,"98":5,"99":5,"101":0,"102":8,"103":3,"106":3,"107":3,"108":8,"111":1,"114":3,"115":3,"116":3,"117":3,"118":3,"119":3,"120":3,"121":0,"122":0,"123":0,"124":0,"125":3,"128":1,"129":2,"132":2,"133":2,"135":2,"136":2,"137":2,"140":1,"141":1,"142":1,"143":1,"144":1,"147":1,"148":1},"branchMap":{"0":{"type":"branch","line":17,"loc":{"start":{"line":17,"column":7},"end":{"line":19,"column":1}},"locations":[{"start":{"line":17,"column":7},"end":{"line":19,"column":1}}]},"1":{"type":"branch","line":22,"loc":{"start":{"line":22,"column":7},"end":{"line":31,"column":1}},"locations":[{"start":{"line":22,"column":7},"end":{"line":31,"column":1}}]},"2":{"type":"branch","line":26,"loc":{"start":{"line":26,"column":32},"end":{"line":26,"column":47}},"locations":[{"start":{"line":26,"column":32},"end":{"line":26,"column":47}}]},"3":{"type":"branch","line":26,"loc":{"start":{"line":26,"column":39},"end":{"line":27,"column":42}},"locations":[{"start":{"line":26,"column":39},"end":{"line":27,"column":42}}]},"4":{"type":"branch","line":27,"loc":{"start":{"line":27,"column":35},"end":{"line":27,"column":53}},"locations":[{"start":{"line":27,"column":35},"end":{"line":27,"column":53}}]},"5":{"type":"branch","line":27,"loc":{"start":{"line":27,"column":42},"end":{"line":28,"column":42}},"locations":[{"start":{"line":27,"column":42},"end":{"line":28,"column":42}}]},"6":{"type":"branch","line":28,"loc":{"start":{"line":28,"column":35},"end":{"line":28,"column":53}},"locations":[{"start":{"line":28,"column":35},"end":{"line":28,"column":53}}]},"7":{"type":"branch","line":28,"loc":{"start":{"line":28,"column":42},"end":{"line":31,"column":1}},"locations":[{"start":{"line":28,"column":42},"end":{"line":31,"column":1}}]},"8":{"type":"branch","line":34,"loc":{"start":{"line":34,"column":7},"end":{"line":56,"column":1}},"locations":[{"start":{"line":34,"column":7},"end":{"line":56,"column":1}}]},"9":{"type":"branch","line":38,"loc":{"start":{"line":38,"column":21},"end":{"line":48,"column":3}},"locations":[{"start":{"line":38,"column":21},"end":{"line":48,"column":3}}]},"10":{"type":"branch","line":48,"loc":{"start":{"line":48,"column":2},"end":{"line":56,"column":1}},"locations":[{"start":{"line":48,"column":2},"end":{"line":56,"column":1}}]},"11":{"type":"branch","line":62,"loc":{"start":{"line":62,"column":0},"end":{"line":109,"column":1}},"locations":[{"start":{"line":62,"column":0},"end":{"line":109,"column":1}}]},"12":{"type":"branch","line":66,"loc":{"start":{"line":66,"column":15},"end":{"line":68,"column":3}},"locations":[{"start":{"line":66,"column":15},"end":{"line":68,"column":3}}]},"13":{"type":"branch","line":72,"loc":{"start":{"line":72,"column":54},"end":{"line":74,"column":22}},"locations":[{"start":{"line":72,"column":54},"end":{"line":74,"column":22}}]},"14":{"type":"branch","line":74,"loc":{"start":{"line":74,"column":22},"end":{"line":81,"column":5}},"locations":[{"start":{"line":74,"column":22},"end":{"line":81,"column":5}}]},"15":{"type":"branch","line":81,"loc":{"start":{"line":81,"column":4},"end":{"line":100,"column":5}},"locations":[{"start":{"line":81,"column":4},"end":{"line":100,"column":5}}]},"16":{"type":"branch","line":100,"loc":{"start":{"line":100,"column":4},"end":{"line":103,"column":11}},"locations":[{"start":{"line":100,"column":4},"end":{"line":103,"column":11}}]},"17":{"type":"branch","line":103,"loc":{"start":{"line":103,"column":2},"end":{"line":108,"column":3}},"locations":[{"start":{"line":103,"column":2},"end":{"line":108,"column":3}}]},"18":{"type":"branch","line":64,"loc":{"start":{"line":64,"column":42},"end":{"line":64,"column":62}},"locations":[{"start":{"line":64,"column":42},"end":{"line":64,"column":62}}]},"19":{"type":"branch","line":88,"loc":{"start":{"line":88,"column":39},"end":{"line":96,"column":7}},"locations":[{"start":{"line":88,"column":39},"end":{"line":96,"column":7}}]},"20":{"type":"branch","line":90,"loc":{"start":{"line":90,"column":32},"end":{"line":90,"column":44}},"locations":[{"start":{"line":90,"column":32},"end":{"line":90,"column":44}}]},"21":{"type":"branch","line":90,"loc":{"start":{"line":90,"column":39},"end":{"line":93,"column":54}},"locations":[{"start":{"line":90,"column":39},"end":{"line":93,"column":54}}]},"22":{"type":"branch","line":93,"loc":{"start":{"line":93,"column":47},"end":{"line":93,"column":59}},"locations":[{"start":{"line":93,"column":47},"end":{"line":93,"column":59}}]},"23":{"type":"branch","line":93,"loc":{"start":{"line":93,"column":54},"end":{"line":95,"column":21}},"locations":[{"start":{"line":93,"column":54},"end":{"line":95,"column":21}}]},"24":{"type":"branch","line":115,"loc":{"start":{"line":115,"column":0},"end":{"line":126,"column":1}},"locations":[{"start":{"line":115,"column":0},"end":{"line":126,"column":1}}]},"25":{"type":"branch","line":121,"loc":{"start":{"line":121,"column":2},"end":{"line":125,"column":3}},"locations":[{"start":{"line":121,"column":2},"end":{"line":125,"column":3}}]},"26":{"type":"branch","line":129,"loc":{"start":{"line":129,"column":7},"end":{"line":138,"column":1}},"locations":[{"start":{"line":129,"column":7},"end":{"line":138,"column":1}}]},"27":{"type":"branch","line":141,"loc":{"start":{"line":141,"column":7},"end":{"line":149,"column":1}},"locations":[{"start":{"line":141,"column":7},"end":{"line":149,"column":1}}]},"28":{"type":"branch","line":142,"loc":{"start":{"line":142,"column":19},"end":{"line":145,"column":4}},"locations":[{"start":{"line":142,"column":19},"end":{"line":145,"column":4}}]}},"b":{"0":[4],"1":[9],"2":[4],"3":[5],"4":[1],"5":[4],"6":[1],"7":[3],"8":[5],"9":[3],"10":[2],"11":[8],"12":[0],"13":[6],"14":[1],"15":[5],"16":[0],"17":[3],"18":[8],"19":[8],"20":[6],"21":[2],"22":[0],"23":[2],"24":[3],"25":[0],"26":[2],"27":[1],"28":[1]},"fnMap":{"0":{"name":"getPluginName","decl":{"start":{"line":17,"column":7},"end":{"line":19,"column":1}},"loc":{"start":{"line":17,"column":7},"end":{"line":19,"column":1}},"line":17},"1":{"name":"detectPortal","decl":{"start":{"line":22,"column":7},"end":{"line":31,"column":1}},"loc":{"start":{"line":22,"column":7},"end":{"line":31,"column":1}},"line":22},"2":{"name":"getAppConfig","decl":{"start":{"line":34,"column":7},"end":{"line":56,"column":1}},"loc":{"start":{"line":34,"column":7},"end":{"line":56,"column":1}},"line":34},"3":{"name":"loadAppData","decl":{"start":{"line":62,"column":0},"end":{"line":109,"column":1}},"loc":{"start":{"line":62,"column":0},"end":{"line":109,"column":1}},"line":62},"4":{"name":"initializeAppData","decl":{"start":{"line":115,"column":0},"end":{"line":126,"column":1}},"loc":{"start":{"line":115,"column":0},"end":{"line":126,"column":1}},"line":115},"5":{"name":"updateAppData","decl":{"start":{"line":129,"column":7},"end":{"line":138,"column":1}},"loc":{"start":{"line":129,"column":7},"end":{"line":138,"column":1}},"line":129},"6":{"name":"changePortal","decl":{"start":{"line":141,"column":7},"end":{"line":149,"column":1}},"loc":{"start":{"line":141,"column":7},"end":{"line":149,"column":1}},"line":141}},"f":{"0":4,"1":9,"2":5,"3":8,"4":3,"5":2,"6":1}}
}
